01:11:51 **** Incremental Build of configuration Debug for project whaat ****
make -j8 all 
arm-none-eabi-gcc "../USB_DEVICE/Target/usbd_conf.c" -mcpu=cortex-m4 -std=gnu11 -g3 -DDEBUG -DUSE_HAL_DRIVER -DSTM32F407xx -c -I../Core/Inc -I../Drivers/STM32F4xx_HAL_Driver/Inc -I../Drivers/STM32F4xx_HAL_Driver/Inc/Legacy -I../Drivers/CMSIS/Device/ST/STM32F4xx/Include -I../Drivers/CMSIS/Include -I../USB_DEVICE/App -I../USB_DEVICE/Target -I../Middlewares/ST/STM32_USB_Device_Library/Core/Inc -I../Middlewares/ST/STM32_USB_Device_Library/Class/HID/Inc -I../Middlewares/ST/STM32_USB_Device_Library/Class/CustomHID/Inc -I"C:/Users/Public/B4M38KRP-semproj/multimediaController/whaat/Drivers/BSP/STM324xG_EVAL" -O0 -ffunction-sections -fdata-sections -Wall -fstack-usage -MMD -MP -MF"USB_DEVICE/Target/usbd_conf.d" -MT"USB_DEVICE/Target/usbd_conf.o" --specs=nano.specs -mfpu=fpv4-sp-d16 -mfloat-abi=hard -mthumb -o "USB_DEVICE/Target/usbd_conf.o"
arm-none-eabi-gcc "../USB_DEVICE/App/usb_device.c" -mcpu=cortex-m4 -std=gnu11 -g3 -DDEBUG -DUSE_HAL_DRIVER -DSTM32F407xx -c -I../Core/Inc -I../Drivers/STM32F4xx_HAL_Driver/Inc -I../Drivers/STM32F4xx_HAL_Driver/Inc/Legacy -I../Drivers/CMSIS/Device/ST/STM32F4xx/Include -I../Drivers/CMSIS/Include -I../USB_DEVICE/App -I../USB_DEVICE/Target -I../Middlewares/ST/STM32_USB_Device_Library/Core/Inc -I../Middlewares/ST/STM32_USB_Device_Library/Class/HID/Inc -I../Middlewares/ST/STM32_USB_Device_Library/Class/CustomHID/Inc -I"C:/Users/Public/B4M38KRP-semproj/multimediaController/whaat/Drivers/BSP/STM324xG_EVAL" -O0 -ffunction-sections -fdata-sections -Wall -fstack-usage -MMD -MP -MF"USB_DEVICE/App/usb_device.d" -MT"USB_DEVICE/App/usb_device.o" --specs=nano.specs -mfpu=fpv4-sp-d16 -mfloat-abi=hard -mthumb -o "USB_DEVICE/App/usb_device.o"
arm-none-eabi-gcc "../USB_DEVICE/App/usbd_custom_hid_if.c" -mcpu=cortex-m4 -std=gnu11 -g3 -DDEBUG -DUSE_HAL_DRIVER -DSTM32F407xx -c -I../Core/Inc -I../Drivers/STM32F4xx_HAL_Driver/Inc -I../Drivers/STM32F4xx_HAL_Driver/Inc/Legacy -I../Drivers/CMSIS/Device/ST/STM32F4xx/Include -I../Drivers/CMSIS/Include -I../USB_DEVICE/App -I../USB_DEVICE/Target -I../Middlewares/ST/STM32_USB_Device_Library/Core/Inc -I../Middlewares/ST/STM32_USB_Device_Library/Class/HID/Inc -I../Middlewares/ST/STM32_USB_Device_Library/Class/CustomHID/Inc -I"C:/Users/Public/B4M38KRP-semproj/multimediaController/whaat/Drivers/BSP/STM324xG_EVAL" -O0 -ffunction-sections -fdata-sections -Wall -fstack-usage -MMD -MP -MF"USB_DEVICE/App/usbd_custom_hid_if.d" -MT"USB_DEVICE/App/usbd_custom_hid_if.o" --specs=nano.specs -mfpu=fpv4-sp-d16 -mfloat-abi=hard -mthumb -o "USB_DEVICE/App/usbd_custom_hid_if.o"
arm-none-eabi-gcc "../USB_DEVICE/App/usbd_desc.c" -mcpu=cortex-m4 -std=gnu11 -g3 -DDEBUG -DUSE_HAL_DRIVER -DSTM32F407xx -c -I../Core/Inc -I../Drivers/STM32F4xx_HAL_Driver/Inc -I../Drivers/STM32F4xx_HAL_Driver/Inc/Legacy -I../Drivers/CMSIS/Device/ST/STM32F4xx/Include -I../Drivers/CMSIS/Include -I../USB_DEVICE/App -I../USB_DEVICE/Target -I../Middlewares/ST/STM32_USB_Device_Library/Core/Inc -I../Middlewares/ST/STM32_USB_Device_Library/Class/HID/Inc -I../Middlewares/ST/STM32_USB_Device_Library/Class/CustomHID/Inc -I"C:/Users/Public/B4M38KRP-semproj/multimediaController/whaat/Drivers/BSP/STM324xG_EVAL" -O0 -ffunction-sections -fdata-sections -Wall -fstack-usage -MMD -MP -MF"USB_DEVICE/App/usbd_desc.d" -MT"USB_DEVICE/App/usbd_desc.o" --specs=nano.specs -mfpu=fpv4-sp-d16 -mfloat-abi=hard -mthumb -o "USB_DEVICE/App/usbd_desc.o"
arm-none-eabi-gcc "../Middlewares/ST/STM32_USB_Device_Library/Core/Src/usbd_core.c" -mcpu=cortex-m4 -std=gnu11 -g3 -DDEBUG -DUSE_HAL_DRIVER -DSTM32F407xx -c -I../Core/Inc -I../Drivers/STM32F4xx_HAL_Driver/Inc -I../Drivers/STM32F4xx_HAL_Driver/Inc/Legacy -I../Drivers/CMSIS/Device/ST/STM32F4xx/Include -I../Drivers/CMSIS/Include -I../USB_DEVICE/App -I../USB_DEVICE/Target -I../Middlewares/ST/STM32_USB_Device_Library/Core/Inc -I../Middlewares/ST/STM32_USB_Device_Library/Class/HID/Inc -I../Middlewares/ST/STM32_USB_Device_Library/Class/CustomHID/Inc -I"C:/Users/Public/B4M38KRP-semproj/multimediaController/whaat/Drivers/BSP/STM324xG_EVAL" -O0 -ffunction-sections -fdata-sections -Wall -fstack-usage -MMD -MP -MF"Middlewares/ST/STM32_USB_Device_Library/Core/Src/usbd_core.d" -MT"Middlewares/ST/STM32_USB_Device_Library/Core/Src/usbd_core.o" --specs=nano.specs -mfpu=fpv4-sp-d16 -mfloat-abi=hard -mthumb -o "Middlewares/ST/STM32_USB_Device_Library/Core/Src/usbd_core.o"
arm-none-eabi-gcc "../Middlewares/ST/STM32_USB_Device_Library/Core/Src/usbd_ctlreq.c" -mcpu=cortex-m4 -std=gnu11 -g3 -DDEBUG -DUSE_HAL_DRIVER -DSTM32F407xx -c -I../Core/Inc -I../Drivers/STM32F4xx_HAL_Driver/Inc -I../Drivers/STM32F4xx_HAL_Driver/Inc/Legacy -I../Drivers/CMSIS/Device/ST/STM32F4xx/Include -I../Drivers/CMSIS/Include -I../USB_DEVICE/App -I../USB_DEVICE/Target -I../Middlewares/ST/STM32_USB_Device_Library/Core/Inc -I../Middlewares/ST/STM32_USB_Device_Library/Class/HID/Inc -I../Middlewares/ST/STM32_USB_Device_Library/Class/CustomHID/Inc -I"C:/Users/Public/B4M38KRP-semproj/multimediaController/whaat/Drivers/BSP/STM324xG_EVAL" -O0 -ffunction-sections -fdata-sections -Wall -fstack-usage -MMD -MP -MF"Middlewares/ST/STM32_USB_Device_Library/Core/Src/usbd_ctlreq.d" -MT"Middlewares/ST/STM32_USB_Device_Library/Core/Src/usbd_ctlreq.o" --specs=nano.specs -mfpu=fpv4-sp-d16 -mfloat-abi=hard -mthumb -o "Middlewares/ST/STM32_USB_Device_Library/Core/Src/usbd_ctlreq.o"
arm-none-eabi-gcc "../Middlewares/ST/STM32_USB_Device_Library/Core/Src/usbd_ioreq.c" -mcpu=cortex-m4 -std=gnu11 -g3 -DDEBUG -DUSE_HAL_DRIVER -DSTM32F407xx -c -I../Core/Inc -I../Drivers/STM32F4xx_HAL_Driver/Inc -I../Drivers/STM32F4xx_HAL_Driver/Inc/Legacy -I../Drivers/CMSIS/Device/ST/STM32F4xx/Include -I../Drivers/CMSIS/Include -I../USB_DEVICE/App -I../USB_DEVICE/Target -I../Middlewares/ST/STM32_USB_Device_Library/Core/Inc -I../Middlewares/ST/STM32_USB_Device_Library/Class/HID/Inc -I../Middlewares/ST/STM32_USB_Device_Library/Class/CustomHID/Inc -I"C:/Users/Public/B4M38KRP-semproj/multimediaController/whaat/Drivers/BSP/STM324xG_EVAL" -O0 -ffunction-sections -fdata-sections -Wall -fstack-usage -MMD -MP -MF"Middlewares/ST/STM32_USB_Device_Library/Core/Src/usbd_ioreq.d" -MT"Middlewares/ST/STM32_USB_Device_Library/Core/Src/usbd_ioreq.o" --specs=nano.specs -mfpu=fpv4-sp-d16 -mfloat-abi=hard -mthumb -o "Middlewares/ST/STM32_USB_Device_Library/Core/Src/usbd_ioreq.o"
arm-none-eabi-gcc "../Middlewares/ST/STM32_USB_Device_Library/Class/CustomHID/Src/usbd_customhid.c" -mcpu=cortex-m4 -std=gnu11 -g3 -DDEBUG -DUSE_HAL_DRIVER -DSTM32F407xx -c -I../Core/Inc -I../Drivers/STM32F4xx_HAL_Driver/Inc -I../Drivers/STM32F4xx_HAL_Driver/Inc/Legacy -I../Drivers/CMSIS/Device/ST/STM32F4xx/Include -I../Drivers/CMSIS/Include -I../USB_DEVICE/App -I../USB_DEVICE/Target -I../Middlewares/ST/STM32_USB_Device_Library/Core/Inc -I../Middlewares/ST/STM32_USB_Device_Library/Class/HID/Inc -I../Middlewares/ST/STM32_USB_Device_Library/Class/CustomHID/Inc -I"C:/Users/Public/B4M38KRP-semproj/multimediaController/whaat/Drivers/BSP/STM324xG_EVAL" -O0 -ffunction-sections -fdata-sections -Wall -fstack-usage -MMD -MP -MF"Middlewares/ST/STM32_USB_Device_Library/Class/CustomHID/Src/usbd_customhid.d" -MT"Middlewares/ST/STM32_USB_Device_Library/Class/CustomHID/Src/usbd_customhid.o" --specs=nano.specs -mfpu=fpv4-sp-d16 -mfloat-abi=hard -mthumb -o "Middlewares/ST/STM32_USB_Device_Library/Class/CustomHID/Src/usbd_customhid.o"
In file included from ../Core/Inc/main.h:40,
                 from ../USB_DEVICE/Target/usbd_conf.h:33,
                 from ../Middlewares/ST/STM32_USB_Device_Library/Core/Inc/usbd_core.h:28,
                 from ../USB_DEVICE/App/usbd_desc.c:22:
../Core/Inc/caps_lock.h:6:16: warning: 'caps_lock' defined but not used [-Wunused-variable]
    6 | static uint8_t caps_lock = 0;
      |                ^~~~~~~~~
In file included from ../Core/Inc/main.h:40,
                 from ../USB_DEVICE/Target/usbd_conf.h:33,
                 from ../Middlewares/ST/STM32_USB_Device_Library/Core/Inc/usbd_def.h:28,
                 from ../USB_DEVICE/App/usb_device.h:32,
                 from ../USB_DEVICE/App/usb_device.c:23:
../Core/Inc/caps_lock.h:6:16: warning: 'caps_lock' defined but not used [-Wunused-variable]
    6 | static uint8_t caps_lock = 0;
      |                ^~~~~~~~~
In file included from ../Core/Inc/main.h:40,
                 from ../USB_DEVICE/Target/usbd_conf.h:33,
                 from ../Middlewares/ST/STM32_USB_Device_Library/Core/Inc/usbd_def.h:28,
                 from ../USB_DEVICE/Target/usbd_conf.c:24:
../Core/Inc/caps_lock.h:6:16: warning: 'caps_lock' defined but not used [-Wunused-variable]
    6 | static uint8_t caps_lock = 0;
      |                ^~~~~~~~~
In file included from ../Core/Inc/main.h:40,
                 from ../USB_DEVICE/Target/usbd_conf.h:33,
                 from ../Middlewares/ST/STM32_USB_Device_Library/Core/Inc/usbd_def.h:28,
                 from ../Middlewares/ST/STM32_USB_Device_Library/Core/Inc/usbd_ioreq.h:28,
                 from ../Middlewares/ST/STM32_USB_Device_Library/Core/Src/usbd_ioreq.c:20:
../Core/Inc/caps_lock.h:6:16: warning: 'caps_lock' defined but not used [-Wunused-variable]
    6 | static uint8_t caps_lock = 0;
      |                ^~~~~~~~~
In file included from ../Core/Inc/main.h:40,
                 from ../USB_DEVICE/Target/usbd_conf.h:33,
                 from ../Middlewares/ST/STM32_USB_Device_Library/Core/Inc/usbd_def.h:28,
                 from ../Middlewares/ST/STM32_USB_Device_Library/Core/Inc/usbd_ctlreq.h:28,
                 from ../Middlewares/ST/STM32_USB_Device_Library/Core/Src/usbd_ctlreq.c:20:
../Core/Inc/caps_lock.h:6:16: warning: 'caps_lock' defined but not used [-Wunused-variable]
    6 | static uint8_t caps_lock = 0;
      |                ^~~~~~~~~
In file included from ../Core/Inc/main.h:40,
                 from ../USB_DEVICE/Target/usbd_conf.h:33,
                 from ../Middlewares/ST/STM32_USB_Device_Library/Core/Inc/usbd_core.h:28,
                 from ../Middlewares/ST/STM32_USB_Device_Library/Core/Src/usbd_core.c:20:
../Core/Inc/caps_lock.h:6:16: warning: 'caps_lock' defined but not used [-Wunused-variable]
    6 | static uint8_t caps_lock = 0;
      |                ^~~~~~~~~
In file included from ../Core/Inc/main.h:40,
                 from ../USB_DEVICE/Target/usbd_conf.h:33,
                 from ../Middlewares/ST/STM32_USB_Device_Library/Core/Inc/usbd_def.h:28,
                 from ../Middlewares/ST/STM32_USB_Device_Library/Core/Inc/usbd_ioreq.h:28,
                 from ../Middlewares/ST/STM32_USB_Device_Library/Class/CustomHID/Inc/usbd_customhid.h:28,
                 from ../Middlewares/ST/STM32_USB_Device_Library/Class/CustomHID/Src/usbd_customhid.c:46:
../Core/Inc/caps_lock.h:6:16: warning: 'caps_lock' defined but not used [-Wunused-variable]
    6 | static uint8_t caps_lock = 0;
      |                ^~~~~~~~~
arm-none-eabi-gcc "../Core/Src/caps_lock.c" -mcpu=cortex-m4 -std=gnu11 -g3 -DDEBUG -DUSE_HAL_DRIVER -DSTM32F407xx -c -I../Core/Inc -I../Drivers/STM32F4xx_HAL_Driver/Inc -I../Drivers/STM32F4xx_HAL_Driver/Inc/Legacy -I../Drivers/CMSIS/Device/ST/STM32F4xx/Include -I../Drivers/CMSIS/Include -I../USB_DEVICE/App -I../USB_DEVICE/Target -I../Middlewares/ST/STM32_USB_Device_Library/Core/Inc -I../Middlewares/ST/STM32_USB_Device_Library/Class/HID/Inc -I../Middlewares/ST/STM32_USB_Device_Library/Class/CustomHID/Inc -I"C:/Users/Public/B4M38KRP-semproj/multimediaController/whaat/Drivers/BSP/STM324xG_EVAL" -O0 -ffunction-sections -fdata-sections -Wall -fstack-usage -MMD -MP -MF"Core/Src/caps_lock.d" -MT"Core/Src/caps_lock.o" --specs=nano.specs -mfpu=fpv4-sp-d16 -mfloat-abi=hard -mthumb -o "Core/Src/caps_lock.o"
arm-none-eabi-gcc "../Core/Src/main.c" -mcpu=cortex-m4 -std=gnu11 -g3 -DDEBUG -DUSE_HAL_DRIVER -DSTM32F407xx -c -I../Core/Inc -I../Drivers/STM32F4xx_HAL_Driver/Inc -I../Drivers/STM32F4xx_HAL_Driver/Inc/Legacy -I../Drivers/CMSIS/Device/ST/STM32F4xx/Include -I../Drivers/CMSIS/Include -I../USB_DEVICE/App -I../USB_DEVICE/Target -I../Middlewares/ST/STM32_USB_Device_Library/Core/Inc -I../Middlewares/ST/STM32_USB_Device_Library/Class/HID/Inc -I../Middlewares/ST/STM32_USB_Device_Library/Class/CustomHID/Inc -I"C:/Users/Public/B4M38KRP-semproj/multimediaController/whaat/Drivers/BSP/STM324xG_EVAL" -O0 -ffunction-sections -fdata-sections -Wall -fstack-usage -MMD -MP -MF"Core/Src/main.d" -MT"Core/Src/main.o" --specs=nano.specs -mfpu=fpv4-sp-d16 -mfloat-abi=hard -mthumb -o "Core/Src/main.o"
arm-none-eabi-gcc "../Core/Src/stm32f4xx_hal_msp.c" -mcpu=cortex-m4 -std=gnu11 -g3 -DDEBUG -DUSE_HAL_DRIVER -DSTM32F407xx -c -I../Core/Inc -I../Drivers/STM32F4xx_HAL_Driver/Inc -I../Drivers/STM32F4xx_HAL_Driver/Inc/Legacy -I../Drivers/CMSIS/Device/ST/STM32F4xx/Include -I../Drivers/CMSIS/Include -I../USB_DEVICE/App -I../USB_DEVICE/Target -I../Middlewares/ST/STM32_USB_Device_Library/Core/Inc -I../Middlewares/ST/STM32_USB_Device_Library/Class/HID/Inc -I../Middlewares/ST/STM32_USB_Device_Library/Class/CustomHID/Inc -I"C:/Users/Public/B4M38KRP-semproj/multimediaController/whaat/Drivers/BSP/STM324xG_EVAL" -O0 -ffunction-sections -fdata-sections -Wall -fstack-usage -MMD -MP -MF"Core/Src/stm32f4xx_hal_msp.d" -MT"Core/Src/stm32f4xx_hal_msp.o" --specs=nano.specs -mfpu=fpv4-sp-d16 -mfloat-abi=hard -mthumb -o "Core/Src/stm32f4xx_hal_msp.o"
arm-none-eabi-gcc "../Core/Src/stm32f4xx_it.c" -mcpu=cortex-m4 -std=gnu11 -g3 -DDEBUG -DUSE_HAL_DRIVER -DSTM32F407xx -c -I../Core/Inc -I../Drivers/STM32F4xx_HAL_Driver/Inc -I../Drivers/STM32F4xx_HAL_Driver/Inc/Legacy -I../Drivers/CMSIS/Device/ST/STM32F4xx/Include -I../Drivers/CMSIS/Include -I../USB_DEVICE/App -I../USB_DEVICE/Target -I../Middlewares/ST/STM32_USB_Device_Library/Core/Inc -I../Middlewares/ST/STM32_USB_Device_Library/Class/HID/Inc -I../Middlewares/ST/STM32_USB_Device_Library/Class/CustomHID/Inc -I"C:/Users/Public/B4M38KRP-semproj/multimediaController/whaat/Drivers/BSP/STM324xG_EVAL" -O0 -ffunction-sections -fdata-sections -Wall -fstack-usage -MMD -MP -MF"Core/Src/stm32f4xx_it.d" -MT"Core/Src/stm32f4xx_it.o" --specs=nano.specs -mfpu=fpv4-sp-d16 -mfloat-abi=hard -mthumb -o "Core/Src/stm32f4xx_it.o"
In file included from ../Core/Inc/main.h:40,
                 from ../Core/Src/stm32f4xx_hal_msp.c:22:
../Core/Inc/caps_lock.h:6:16: warning: 'caps_lock' defined but not used [-Wunused-variable]
    6 | static uint8_t caps_lock = 0;
      |                ^~~~~~~~~
In file included from ../Core/Inc/main.h:40,
                 from ../Core/Src/stm32f4xx_it.c:21:
../Core/Inc/caps_lock.h:6:16: warning: 'caps_lock' defined but not used [-Wunused-variable]
    6 | static uint8_t caps_lock = 0;
      |                ^~~~~~~~~
../Core/Src/main.c: In function 'main':
../Core/Src/main.c:198:5: warning: implicit declaration of function 'USBD_CUSTOM_HID_SendReport' [-Wimplicit-function-declaration]
  198 |     USBD_CUSTOM_HID_SendReport(&hUsbDeviceFS,&volume_message,sizeof(volume_message));
      |     ^~~~~~~~~~~~~~~~~~~~~~~~~~
In file included from ../Core/Inc/main.h:40,
                 from ../Core/Src/main.c:20:
At top level:
../Core/Inc/caps_lock.h:6:16: warning: 'caps_lock' defined but not used [-Wunused-variable]
    6 | static uint8_t caps_lock = 0;
      |                ^~~~~~~~~
arm-none-eabi-gcc -o "whaat.elf" @"objects.list"   -mcpu=cortex-m4 -T"C:\Users\Public\B4M38KRP-semproj\multimediaController\whaat\STM32F407IGHX_FLASH.ld" --specs=nosys.specs -Wl,-Map="whaat.map" -Wl,--gc-sections -static --specs=nano.specs -mfpu=fpv4-sp-d16 -mfloat-abi=hard -mthumb -Wl,--start-group -lc -lm -Wl,--end-group
Finished building target: whaat.elf
 
arm-none-eabi-size   whaat.elf 
arm-none-eabi-objdump -h -S  whaat.elf  > "whaat.list"
   text	   data	    bss	    dec	    hex	filename
  48952	    516	   5428	  54896	   d670	whaat.elf
Finished building: default.size.stdout
 
Finished building: whaat.list
 
01:12:32 **** Incremental Build of configuration Debug for project whaat ****
make -j8 all 
arm-none-eabi-gcc "../USB_DEVICE/App/usbd_custom_hid_if.c" -mcpu=cortex-m4 -std=gnu11 -g3 -DDEBUG -DUSE_HAL_DRIVER -DSTM32F407xx -c -I../Core/Inc -I../Drivers/STM32F4xx_HAL_Driver/Inc -I../Drivers/STM32F4xx_HAL_Driver/Inc/Legacy -I../Drivers/CMSIS/Device/ST/STM32F4xx/Include -I../Drivers/CMSIS/Include -I../USB_DEVICE/App -I../USB_DEVICE/Target -I../Middlewares/ST/STM32_USB_Device_Library/Core/Inc -I../Middlewares/ST/STM32_USB_Device_Library/Class/HID/Inc -I../Middlewares/ST/STM32_USB_Device_Library/Class/CustomHID/Inc -I"C:/Users/Public/B4M38KRP-semproj/multimediaController/whaat/Drivers/BSP/STM324xG_EVAL" -O0 -ffunction-sections -fdata-sections -Wall -fstack-usage -MMD -MP -MF"USB_DEVICE/App/usbd_custom_hid_if.d" -MT"USB_DEVICE/App/usbd_custom_hid_if.o" --specs=nano.specs -mfpu=fpv4-sp-d16 -mfloat-abi=hard -mthumb -o "USB_DEVICE/App/usbd_custom_hid_if.o"
In file included from ../Core/Inc/main.h:40,
                 from ../USB_DEVICE/Target/usbd_conf.h:33,
                 from ../Middlewares/ST/STM32_USB_Device_Library/Core/Inc/usbd_def.h:28,
                 from ../Middlewares/ST/STM32_USB_Device_Library/Core/Inc/usbd_ioreq.h:28,
                 from ../Middlewares/ST/STM32_USB_Device_Library/Class/CustomHID/Inc/usbd_customhid.h:28,
                 from ../USB_DEVICE/App/usbd_custom_hid_if.h:30,
                 from ../USB_DEVICE/App/usbd_custom_hid_if.c:22:
../Core/Inc/caps_lock.h:6:16: warning: 'caps_lock' defined but not used [-Wunused-variable]
    6 | static uint8_t caps_lock = 0;
      |                ^~~~~~~~~
arm-none-eabi-gcc -o "whaat.elf" @"objects.list"   -mcpu=cortex-m4 -T"C:\Users\Public\B4M38KRP-semproj\multimediaController\whaat\STM32F407IGHX_FLASH.ld" --specs=nosys.specs -Wl,-Map="whaat.map" -Wl,--gc-sections -static --specs=nano.specs -mfpu=fpv4-sp-d16 -mfloat-abi=hard -mthumb -Wl,--start-group -lc -lm -Wl,--end-group
Finished building target: whaat.elf
 
arm-none-eabi-size   whaat.elf 
arm-none-eabi-objdump -h -S  whaat.elf  > "whaat.list"
   text	   data	    bss	    dec	    hex	filename
  48980	    516	   5428	  54924	   d68c	whaat.elf
Finished building: default.size.stdout
 
Finished building: whaat.list
 
01:13:50 **** Incremental Build of configuration Debug for project whaat ****
make -j8 all 
arm-none-eabi-gcc "../USB_DEVICE/App/usbd_custom_hid_if.c" -mcpu=cortex-m4 -std=gnu11 -g3 -DDEBUG -DUSE_HAL_DRIVER -DSTM32F407xx -c -I../Core/Inc -I../Drivers/STM32F4xx_HAL_Driver/Inc -I../Drivers/STM32F4xx_HAL_Driver/Inc/Legacy -I../Drivers/CMSIS/Device/ST/STM32F4xx/Include -I../Drivers/CMSIS/Include -I../USB_DEVICE/App -I../USB_DEVICE/Target -I../Middlewares/ST/STM32_USB_Device_Library/Core/Inc -I../Middlewares/ST/STM32_USB_Device_Library/Class/HID/Inc -I../Middlewares/ST/STM32_USB_Device_Library/Class/CustomHID/Inc -I"C:/Users/Public/B4M38KRP-semproj/multimediaController/whaat/Drivers/BSP/STM324xG_EVAL" -O0 -ffunction-sections -fdata-sections -Wall -fstack-usage -MMD -MP -MF"USB_DEVICE/App/usbd_custom_hid_if.d" -MT"USB_DEVICE/App/usbd_custom_hid_if.o" --specs=nano.specs -mfpu=fpv4-sp-d16 -mfloat-abi=hard -mthumb -o "USB_DEVICE/App/usbd_custom_hid_if.o"
../USB_DEVICE/App/usbd_custom_hid_if.c: In function 'CUSTOM_HID_OutEvent_FS':
../USB_DEVICE/App/usbd_custom_hid_if.c:185:26: warning: bitwise comparison always evaluates to false [-Wtautological-compare]
  185 |   if ((state & 00000010) == 1) {
      |                          ^~
In file included from ../Core/Inc/main.h:40,
                 from ../USB_DEVICE/Target/usbd_conf.h:33,
                 from ../Middlewares/ST/STM32_USB_Device_Library/Core/Inc/usbd_def.h:28,
                 from ../Middlewares/ST/STM32_USB_Device_Library/Core/Inc/usbd_ioreq.h:28,
                 from ../Middlewares/ST/STM32_USB_Device_Library/Class/CustomHID/Inc/usbd_customhid.h:28,
                 from ../USB_DEVICE/App/usbd_custom_hid_if.h:30,
                 from ../USB_DEVICE/App/usbd_custom_hid_if.c:22:
At top level:
../Core/Inc/caps_lock.h:6:16: warning: 'caps_lock' defined but not used [-Wunused-variable]
    6 | static uint8_t caps_lock = 0;
      |                ^~~~~~~~~
arm-none-eabi-gcc -o "whaat.elf" @"objects.list"   -mcpu=cortex-m4 -T"C:\Users\Public\B4M38KRP-semproj\multimediaController\whaat\STM32F407IGHX_FLASH.ld" --specs=nosys.specs -Wl,-Map="whaat.map" -Wl,--gc-sections -static --specs=nano.specs -mfpu=fpv4-sp-d16 -mfloat-abi=hard -mthumb -Wl,--start-group -lc -lm -Wl,--end-group
Finished building target: whaat.elf
 
arm-none-eabi-size   whaat.elf 
arm-none-eabi-objdump -h -S  whaat.elf  > "whaat.list"
   text	   data	    bss	    dec	    hex	filename
  48964	    516	   5428	  54908	   d67c	whaat.elf
Finished building: default.size.stdout
 
Finished building: whaat.list
 
01:15:06 **** Incremental Build of configuration Debug for project whaat ****
make -j8 all 
arm-none-eabi-gcc "../USB_DEVICE/App/usbd_custom_hid_if.c" -mcpu=cortex-m4 -std=gnu11 -g3 -DDEBUG -DUSE_HAL_DRIVER -DSTM32F407xx -c -I../Core/Inc -I../Drivers/STM32F4xx_HAL_Driver/Inc -I../Drivers/STM32F4xx_HAL_Driver/Inc/Legacy -I../Drivers/CMSIS/Device/ST/STM32F4xx/Include -I../Drivers/CMSIS/Include -I../USB_DEVICE/App -I../USB_DEVICE/Target -I../Middlewares/ST/STM32_USB_Device_Library/Core/Inc -I../Middlewares/ST/STM32_USB_Device_Library/Class/HID/Inc -I../Middlewares/ST/STM32_USB_Device_Library/Class/CustomHID/Inc -I"C:/Users/Public/B4M38KRP-semproj/multimediaController/whaat/Drivers/BSP/STM324xG_EVAL" -O0 -ffunction-sections -fdata-sections -Wall -fstack-usage -MMD -MP -MF"USB_DEVICE/App/usbd_custom_hid_if.d" -MT"USB_DEVICE/App/usbd_custom_hid_if.o" --specs=nano.specs -mfpu=fpv4-sp-d16 -mfloat-abi=hard -mthumb -o "USB_DEVICE/App/usbd_custom_hid_if.o"
In file included from ../Core/Inc/main.h:40,
                 from ../USB_DEVICE/Target/usbd_conf.h:33,
                 from ../Middlewares/ST/STM32_USB_Device_Library/Core/Inc/usbd_def.h:28,
                 from ../Middlewares/ST/STM32_USB_Device_Library/Core/Inc/usbd_ioreq.h:28,
                 from ../Middlewares/ST/STM32_USB_Device_Library/Class/CustomHID/Inc/usbd_customhid.h:28,
                 from ../USB_DEVICE/App/usbd_custom_hid_if.h:30,
                 from ../USB_DEVICE/App/usbd_custom_hid_if.c:22:
../Core/Inc/caps_lock.h:6:16: warning: 'caps_lock' defined but not used [-Wunused-variable]
    6 | static uint8_t caps_lock = 0;
      |                ^~~~~~~~~
arm-none-eabi-gcc -o "whaat.elf" @"objects.list"   -mcpu=cortex-m4 -T"C:\Users\Public\B4M38KRP-semproj\multimediaController\whaat\STM32F407IGHX_FLASH.ld" --specs=nosys.specs -Wl,-Map="whaat.map" -Wl,--gc-sections -static --specs=nano.specs -mfpu=fpv4-sp-d16 -mfloat-abi=hard -mthumb -Wl,--start-group -lc -lm -Wl,--end-group
Finished building target: whaat.elf
 
arm-none-eabi-size   whaat.elf 
arm-none-eabi-objdump -h -S  whaat.elf  > "whaat.list"
   text	   data	    bss	    dec	    hex	filename
  48980	    516	   5428	  54924	   d68c	whaat.elf
Finished building: default.size.stdout
 
Finished building: whaat.list
 
01:17:53 **** Incremental Build of configuration Debug for project whaat ****
make -j8 all 
arm-none-eabi-gcc "../Core/Src/main.c" -mcpu=cortex-m4 -std=gnu11 -g3 -DDEBUG -DUSE_HAL_DRIVER -DSTM32F407xx -c -I../Core/Inc -I../Drivers/STM32F4xx_HAL_Driver/Inc -I../Drivers/STM32F4xx_HAL_Driver/Inc/Legacy -I../Drivers/CMSIS/Device/ST/STM32F4xx/Include -I../Drivers/CMSIS/Include -I../USB_DEVICE/App -I../USB_DEVICE/Target -I../Middlewares/ST/STM32_USB_Device_Library/Core/Inc -I../Middlewares/ST/STM32_USB_Device_Library/Class/HID/Inc -I../Middlewares/ST/STM32_USB_Device_Library/Class/CustomHID/Inc -I"C:/Users/Public/B4M38KRP-semproj/multimediaController/whaat/Drivers/BSP/STM324xG_EVAL" -O0 -ffunction-sections -fdata-sections -Wall -fstack-usage -MMD -MP -MF"Core/Src/main.d" -MT"Core/Src/main.o" --specs=nano.specs -mfpu=fpv4-sp-d16 -mfloat-abi=hard -mthumb -o "Core/Src/main.o"
../Core/Src/main.c: In function 'main':
../Core/Src/main.c:198:5: warning: implicit declaration of function 'USBD_CUSTOM_HID_SendReport' [-Wimplicit-function-declaration]
  198 |     USBD_CUSTOM_HID_SendReport(&hUsbDeviceFS,&volume_message,sizeof(volume_message));
      |     ^~~~~~~~~~~~~~~~~~~~~~~~~~
In file included from ../Core/Inc/main.h:40,
                 from ../Core/Src/main.c:20:
At top level:
../Core/Inc/caps_lock.h:6:16: warning: 'caps_lock' defined but not used [-Wunused-variable]
    6 | static uint8_t caps_lock = 0;
      |                ^~~~~~~~~
arm-none-eabi-gcc -o "whaat.elf" @"objects.list"   -mcpu=cortex-m4 -T"C:\Users\Public\B4M38KRP-semproj\multimediaController\whaat\STM32F407IGHX_FLASH.ld" --specs=nosys.specs -Wl,-Map="whaat.map" -Wl,--gc-sections -static --specs=nano.specs -mfpu=fpv4-sp-d16 -mfloat-abi=hard -mthumb -Wl,--start-group -lc -lm -Wl,--end-group
Finished building target: whaat.elf
 
arm-none-eabi-size   whaat.elf 
arm-none-eabi-objdump -h -S  whaat.elf  > "whaat.list"
   text	   data	    bss	    dec	    hex	filename
  49088	    516	   5428	  55032	   d6f8	whaat.elf
Finished building: default.size.stdout
 
Finished building: whaat.list
 
01:18:54 **** Incremental Build of configuration Debug for project whaat ****
make -j8 all 
arm-none-eabi-gcc "../Core/Src/main.c" -mcpu=cortex-m4 -std=gnu11 -g3 -DDEBUG -DUSE_HAL_DRIVER -DSTM32F407xx -c -I../Core/Inc -I../Drivers/STM32F4xx_HAL_Driver/Inc -I../Drivers/STM32F4xx_HAL_Driver/Inc/Legacy -I../Drivers/CMSIS/Device/ST/STM32F4xx/Include -I../Drivers/CMSIS/Include -I../USB_DEVICE/App -I../USB_DEVICE/Target -I../Middlewares/ST/STM32_USB_Device_Library/Core/Inc -I../Middlewares/ST/STM32_USB_Device_Library/Class/HID/Inc -I../Middlewares/ST/STM32_USB_Device_Library/Class/CustomHID/Inc -I"C:/Users/Public/B4M38KRP-semproj/multimediaController/whaat/Drivers/BSP/STM324xG_EVAL" -O0 -ffunction-sections -fdata-sections -Wall -fstack-usage -MMD -MP -MF"Core/Src/main.d" -MT"Core/Src/main.o" --specs=nano.specs -mfpu=fpv4-sp-d16 -mfloat-abi=hard -mthumb -o "Core/Src/main.o"
../Core/Src/main.c: In function 'main':
../Core/Src/main.c:198:5: warning: implicit declaration of function 'USBD_CUSTOM_HID_SendReport' [-Wimplicit-function-declaration]
  198 |     USBD_CUSTOM_HID_SendReport(&hUsbDeviceFS,&volume_message,sizeof(volume_message));
      |     ^~~~~~~~~~~~~~~~~~~~~~~~~~
In file included from ../Core/Inc/main.h:40,
                 from ../Core/Src/main.c:20:
At top level:
../Core/Inc/caps_lock.h:6:16: warning: 'caps_lock' defined but not used [-Wunused-variable]
    6 | static uint8_t caps_lock = 0;
      |                ^~~~~~~~~
arm-none-eabi-gcc -o "whaat.elf" @"objects.list"   -mcpu=cortex-m4 -T"C:\Users\Public\B4M38KRP-semproj\multimediaController\whaat\STM32F407IGHX_FLASH.ld" --specs=nosys.specs -Wl,-Map="whaat.map" -Wl,--gc-sections -static --specs=nano.specs -mfpu=fpv4-sp-d16 -mfloat-abi=hard -mthumb -Wl,--start-group -lc -lm -Wl,--end-group
Finished building target: whaat.elf
 
arm-none-eabi-size   whaat.elf 
arm-none-eabi-objdump -h -S  whaat.elf  > "whaat.list"
   text	   data	    bss	    dec	    hex	filename
  49088	    516	   5428	  55032	   d6f8	whaat.elf
Finished building: default.size.stdout
 
Finished building: whaat.list
 
01:22:20 **** Incremental Build of configuration Debug for project whaat ****
make -j8 all 
arm-none-eabi-gcc "../Core/Src/main.c" -mcpu=cortex-m4 -std=gnu11 -g3 -DDEBUG -DUSE_HAL_DRIVER -DSTM32F407xx -c -I../Core/Inc -I../Drivers/STM32F4xx_HAL_Driver/Inc -I../Drivers/STM32F4xx_HAL_Driver/Inc/Legacy -I../Drivers/CMSIS/Device/ST/STM32F4xx/Include -I../Drivers/CMSIS/Include -I../USB_DEVICE/App -I../USB_DEVICE/Target -I../Middlewares/ST/STM32_USB_Device_Library/Core/Inc -I../Middlewares/ST/STM32_USB_Device_Library/Class/HID/Inc -I../Middlewares/ST/STM32_USB_Device_Library/Class/CustomHID/Inc -I"C:/Users/Public/B4M38KRP-semproj/multimediaController/whaat/Drivers/BSP/STM324xG_EVAL" -O0 -ffunction-sections -fdata-sections -Wall -fstack-usage -MMD -MP -MF"Core/Src/main.d" -MT"Core/Src/main.o" --specs=nano.specs -mfpu=fpv4-sp-d16 -mfloat-abi=hard -mthumb -o "Core/Src/main.o"
../Core/Src/main.c: In function 'main':
../Core/Src/main.c:198:5: warning: implicit declaration of function 'USBD_CUSTOM_HID_SendReport' [-Wimplicit-function-declaration]
  198 |     USBD_CUSTOM_HID_SendReport(&hUsbDeviceFS,&volume_message,sizeof(volume_message));
      |     ^~~~~~~~~~~~~~~~~~~~~~~~~~
In file included from ../Core/Inc/main.h:40,
                 from ../Core/Src/main.c:20:
At top level:
../Core/Inc/caps_lock.h:6:16: warning: 'caps_lock' defined but not used [-Wunused-variable]
    6 | static uint8_t caps_lock = 0;
      |                ^~~~~~~~~
arm-none-eabi-gcc -o "whaat.elf" @"objects.list"   -mcpu=cortex-m4 -T"C:\Users\Public\B4M38KRP-semproj\multimediaController\whaat\STM32F407IGHX_FLASH.ld" --specs=nosys.specs -Wl,-Map="whaat.map" -Wl,--gc-sections -static --specs=nano.specs -mfpu=fpv4-sp-d16 -mfloat-abi=hard -mthumb -Wl,--start-group -lc -lm -Wl,--end-group
Finished building target: whaat.elf
 
arm-none-eabi-size   whaat.elf 
arm-none-eabi-objdump -h -S  whaat.elf  > "whaat.list"
   text	   data	    bss	    dec	    hex	filename
  49164	    528	   5432	  55124	   d754	whaat.elf
Finished building: default.size.stdout
 
Finished building: whaat.list
 
